<?xml version="1.0" encoding="UTF-8"?>
<testsuite xmlns:xsi="http://www.w3.org/2001/XMLSchema-instance" xsi:noNamespaceSchemaLocation="https://maven.apache.org/surefire/maven-surefire-plugin/xsd/surefire-test-report-3.0.xsd" version="3.0" name="com.example.demo.UserControllerTest" time="4.693" tests="5" errors="0" skipped="0" failures="0">
  <properties>
[...]
</properties>
  <testcase name="testGetAllUsers" classname="com.example.demo.UserControllerTest" time="0.586">
    <system-out><![CDATA[10:49:21.029 [main] INFO org.springframework.test.context.support.AnnotationConfigContextLoaderUtils -- Could not detect default configuration classes for test class [com.example.demo.UserControllerTest]: UserControllerTest does not declare any static, non-private, non-final, nested classes annotated with @Configuration.
10:49:21.103 [main] INFO org.springframework.boot.test.context.SpringBootTestContextBootstrapper -- Found @SpringBootConfiguration com.example.demo.SpringBoot4DemoApplication for test class com.example.demo.UserControllerTest

  .   ____          _            __ _ _
 /\\ / ___'_ __ _ _(_)_ __  __ _ \ \ \ \
( ( )\___ | '_ | '_| | '_ \/ _` | \ \ \ \
 \\/  ___)| |_)| | | | | || (_| |  ) ) ) )
  '  |____| .__|_| |_|_| |_\__, | / / / /
 =========|_|==============|___/=/_/_/_/

 :: Spring Boot ::                (v3.3.5)

10:49:21.402 [main] INFO  com.example.demo.UserControllerTest - Starting UserControllerTest using Java 23.0.1 with PID 73236 (started by chenjian in /Users/chenjian/Documents/ai_projects/spring-boot-4/spring-boot-4-demo)
10:49:21.402 [main] DEBUG com.example.demo.UserControllerTest - Running with Spring Boot v3.3.5, Spring v6.1.14
10:49:21.402 [main] INFO  com.example.demo.UserControllerTest - No active profile set, falling back to 1 default profile: "default"
10:49:21.420 [main] DEBUG o.s.w.c.s.GenericWebApplicationContext - Refreshing org.springframework.web.context.support.GenericWebApplicationContext@4925f4f5
10:49:22.087 [main] INFO  o.s.d.r.c.RepositoryConfigurationDelegate - Bootstrapping Spring Data JPA repositories in DEFAULT mode.
10:49:22.162 [main] INFO  o.s.d.r.c.RepositoryConfigurationDelegate - Finished Spring Data repository scanning in 71 ms. Found 1 JPA repository interface.
10:49:22.627 [main] INFO  o.h.jpa.internal.util.LogHelper - HHH000204: Processing PersistenceUnitInfo [name: default]
10:49:22.661 [main] INFO  org.hibernate.Version - HHH000412: Hibernate ORM core version 6.5.3.Final
10:49:22.681 [main] INFO  o.h.c.i.RegionFactoryInitiator - HHH000026: Second-level cache disabled
10:49:22.853 [main] INFO  o.s.o.j.p.SpringPersistenceUnitInfo - No LoadTimeWeaver setup: ignoring JPA class transformer
10:49:22.868 [main] INFO  com.zaxxer.hikari.HikariDataSource - HikariPool-1 - Starting...
10:49:22.971 [main] INFO  com.zaxxer.hikari.pool.HikariPool - HikariPool-1 - Added connection conn0: url=jdbc:h2:mem:testdb user=SA
10:49:22.972 [main] INFO  com.zaxxer.hikari.HikariDataSource - HikariPool-1 - Start completed.
10:49:23.477 [main] INFO  o.h.e.t.j.p.i.JtaPlatformInitiator - HHH000489: No JTA platform available (set 'hibernate.transaction.jta.platform' to enable JTA platform integration)
Hibernate: 
    drop table if exists users cascade 
Hibernate: 
    create table users (
        created_at timestamp(6),
        id bigint generated by default as identity,
        email varchar(255) not null,
        username varchar(255) not null unique,
        primary key (id)
    )
10:49:23.493 [main] INFO  o.s.o.j.LocalContainerEntityManagerFactoryBean - Initialized JPA EntityManagerFactory for persistence unit 'default'
10:49:24.054 [main] WARN  o.s.b.a.o.j.JpaBaseConfiguration$JpaWebConfiguration - spring.jpa.open-in-view is enabled by default. Therefore, database queries may be performed during view rendering. Explicitly configure spring.jpa.open-in-view to disable this warning
10:49:24.120 [main] DEBUG o.s.w.s.m.m.a.RequestMappingHandlerMapping - 14 mappings in 'requestMappingHandlerMapping'
10:49:24.181 [main] DEBUG o.s.w.s.h.SimpleUrlHandlerMapping - Patterns [/webjars/**, /**] in 'resourceHandlerMapping'
10:49:24.206 [main] DEBUG o.s.w.s.m.m.a.RequestMappingHandlerAdapter - ControllerAdvice beans: 0 @ModelAttribute, 0 @InitBinder, 1 RequestBodyAdvice, 1 ResponseBodyAdvice
10:49:24.227 [main] DEBUG o.s.w.s.m.m.a.ExceptionHandlerExceptionResolver - ControllerAdvice beans: 0 @ExceptionHandler, 1 ResponseBodyAdvice
10:49:24.500 [main] INFO  o.s.b.a.h.H2ConsoleAutoConfiguration - H2 console available at '/h2-console'. Database available at 'jdbc:h2:mem:testdb'
10:49:24.551 [main] DEBUG o.s.w.f.ServerHttpObservationFilter - Filter 'webMvcObservationFilter' configured for use
10:49:24.552 [main] INFO  o.s.b.t.m.w.SpringBootMockServletContext - Initializing Spring TestDispatcherServlet ''
10:49:24.553 [main] INFO  o.s.t.w.s.TestDispatcherServlet - Initializing Servlet ''
10:49:24.571 [main] INFO  o.s.b.a.e.web.EndpointLinksResolver - Exposing 5 endpoints beneath base path '/actuator'
10:49:24.613 [main] INFO  o.s.t.w.s.TestDispatcherServlet - Completed initialization in 60 ms
10:49:24.820 [main] INFO  com.example.demo.UserControllerTest - Started UserControllerTest in 3.608 seconds (process running for 4.371)
10:49:24.886 [main] INFO  c.e.demo.config.DataInitializer - Initializing sample data...
Hibernate: 
    insert 
    into
        users
        (created_at, email, username, id) 
    values
        (?, ?, ?, default)
Hibernate: 
    insert 
    into
        users
        (created_at, email, username, id) 
    values
        (?, ?, ?, default)
Hibernate: 
    insert 
    into
        users
        (created_at, email, username, id) 
    values
        (?, ?, ?, default)
10:49:24.944 [main] INFO  c.e.demo.config.DataInitializer - Sample data initialized successfully
10:49:24.944 [main] INFO  c.e.demo.config.DataInitializer - Running on thread: Thread[#1,main,5,main]
Hibernate: 
    select
        u1_0.id,
        u1_0.created_at,
        u1_0.email,
        u1_0.username 
    from
        users u1_0
Hibernate: 
    delete 
    from
        users 
    where
        id=?
Hibernate: 
    delete 
    from
        users 
    where
        id=?
Hibernate: 
    delete 
    from
        users 
    where
        id=?
Hibernate: 
    insert 
    into
        users
        (created_at, email, username, id) 
    values
        (?, ?, ?, default)
10:49:25.476 [main] DEBUG o.s.w.s.m.m.a.RequestMappingHandlerMapping - Mapped to com.example.demo.controller.UserController#getAllUsers()
10:49:25.482 [main] DEBUG c.example.demo.service.UserService - Finding all users in thread: Thread[#1,main,5,main]
Hibernate: 
    select
        u1_0.id,
        u1_0.created_at,
        u1_0.email,
        u1_0.username 
    from
        users u1_0
10:49:25.491 [main] DEBUG o.s.w.s.m.m.a.RequestResponseBodyMethodProcessor - Using 'application/json', given [*/*] and supported [application/json, application/*+json]
10:49:25.492 [main] DEBUG o.s.w.s.m.m.a.RequestResponseBodyMethodProcessor - Writing [[com.example.demo.model.User@28ea7f58]]
]]></system-out>
    <system-err><![CDATA[WARNING: A Java agent has been loaded dynamically (/Users/chenjian/.m2/repository/net/bytebuddy/byte-buddy-agent/1.14.19/byte-buddy-agent-1.14.19.jar)
WARNING: If a serviceability tool is in use, please run with -XX:+EnableDynamicAgentLoading to hide this warning
WARNING: If a serviceability tool is not in use, please run with -Djdk.instrument.traceUsage for more information
WARNING: Dynamic loading of agents will be disallowed by default in a future release
]]></system-err>
  </testcase>
  <testcase name="testCreateUser" classname="com.example.demo.UserControllerTest" time="0.033">
    <system-out><![CDATA[Hibernate: 
    select
        u1_0.id,
        u1_0.created_at,
        u1_0.email,
        u1_0.username 
    from
        users u1_0
Hibernate: 
    delete 
    from
        users 
    where
        id=?
10:49:25.545 [main] DEBUG o.s.w.s.m.m.a.RequestMappingHandlerMapping - Mapped to com.example.demo.controller.UserController#createUser(User)
10:49:25.562 [main] DEBUG o.s.w.s.m.m.a.RequestResponseBodyMethodProcessor - Read "application/json;charset=UTF-8" to [com.example.demo.model.User@5bc3c4e5]
10:49:25.566 [main] DEBUG c.example.demo.service.UserService - Saving user: new_user in thread: Thread[#1,main,5,main]
Hibernate: 
    insert 
    into
        users
        (created_at, email, username, id) 
    values
        (?, ?, ?, default)
10:49:25.569 [main] DEBUG o.s.w.s.m.m.a.RequestResponseBodyMethodProcessor - Using 'application/json', given [*/*] and supported [application/json, application/*+json]
10:49:25.569 [main] DEBUG o.s.w.s.m.m.a.RequestResponseBodyMethodProcessor - Writing [com.example.demo.model.User@5bc3c4e5]
]]></system-out>
  </testcase>
  <testcase name="testDeleteUser" classname="com.example.demo.UserControllerTest" time="0.017">
    <system-out><![CDATA[Hibernate: 
    select
        u1_0.id,
        u1_0.created_at,
        u1_0.email,
        u1_0.username 
    from
        users u1_0
Hibernate: 
    delete 
    from
        users 
    where
        id=?
Hibernate: 
    insert 
    into
        users
        (created_at, email, username, id) 
    values
        (?, ?, ?, default)
10:49:25.580 [main] DEBUG o.s.w.s.m.m.a.RequestMappingHandlerMapping - Mapped to com.example.demo.controller.UserController#deleteUser(Long)
10:49:25.582 [main] DEBUG c.example.demo.service.UserService - Deleting user by id: 6 in thread: Thread[#1,main,5,main]
Hibernate: 
    select
        u1_0.id,
        u1_0.created_at,
        u1_0.email,
        u1_0.username 
    from
        users u1_0 
    where
        u1_0.id=?
Hibernate: 
    delete 
    from
        users 
    where
        id=?
]]></system-out>
  </testcase>
  <testcase name="testGetUserById" classname="com.example.demo.UserControllerTest" time="0.01">
    <system-out><![CDATA[Hibernate: 
    select
        u1_0.id,
        u1_0.created_at,
        u1_0.email,
        u1_0.username 
    from
        users u1_0
Hibernate: 
    insert 
    into
        users
        (created_at, email, username, id) 
    values
        (?, ?, ?, default)
10:49:25.596 [main] DEBUG o.s.w.s.m.m.a.RequestMappingHandlerMapping - Mapped to com.example.demo.controller.UserController#getUserById(Long)
10:49:25.597 [main] DEBUG c.example.demo.service.UserService - Finding user by id: 7 in thread: Thread[#1,main,5,main]
Hibernate: 
    select
        u1_0.id,
        u1_0.created_at,
        u1_0.email,
        u1_0.username 
    from
        users u1_0 
    where
        u1_0.id=?
10:49:25.599 [main] DEBUG o.s.w.s.m.m.a.HttpEntityMethodProcessor - Using 'application/json', given [*/*] and supported [application/json, application/*+json]
10:49:25.599 [main] DEBUG o.s.w.s.m.m.a.HttpEntityMethodProcessor - Writing [com.example.demo.model.User@1ec22804]
]]></system-out>
  </testcase>
  <testcase name="testGetUserByIdNotFound" classname="com.example.demo.UserControllerTest" time="0.007">
    <system-out><![CDATA[Hibernate: 
    select
        u1_0.id,
        u1_0.created_at,
        u1_0.email,
        u1_0.username 
    from
        users u1_0
Hibernate: 
    delete 
    from
        users 
    where
        id=?
10:49:25.606 [main] DEBUG o.s.w.s.m.m.a.RequestMappingHandlerMapping - Mapped to com.example.demo.controller.UserController#getUserById(Long)
10:49:25.607 [main] DEBUG c.example.demo.service.UserService - Finding user by id: 999 in thread: Thread[#1,main,5,main]
Hibernate: 
    select
        u1_0.id,
        u1_0.created_at,
        u1_0.email,
        u1_0.username 
    from
        users u1_0 
    where
        u1_0.id=?
10:49:25.607 [main] DEBUG o.s.w.s.m.m.a.HttpEntityMethodProcessor - Using 'application/json', given [*/*] and supported [application/json, application/*+json]
10:49:25.607 [main] DEBUG o.s.w.s.m.m.a.HttpEntityMethodProcessor - Nothing to write: null body
]]></system-out>
  </testcase>
</testsuite>